Atmosphère Crash Report (v1.7):
Result:                          0x290 (2144-0001)

Process Info:
    Process Name:                qlaunch
    Program ID:                  0100000000001000
    Process ID:                  0000000000000082
    Process Flags:               000010b7
    User Exception Address:      0000005a5a4a0000
Exception Info:
    Type:                        User Break
    Address:                     00000034a8a5165c (qlaunch.nss + 0x25165c)
    Break Reason:                0x0
    Break Address:               0000003f558be868
    Break Size:                  0x4
Crashed Thread Info:
    Thread ID:                   0000000000000229
    Thread Name:                 LibraryAppletThread
    Stack Region:                0000003f558bb000-0000003f558bf000
    Registers:
        X[00]:                   0000000000000000
        X[01]:                   0000003f558be868
        X[02]:                   0000000000000004
        X[03]:                   0000000000000008
        X[04]:                   0000000000000000
        X[05]:                   0000000000000000
        X[06]:                   0000000000000000
        X[07]:                   0000000000000000
        X[08]:                   0000000000000000
        X[09]:                   0000000000000000
        X[10]:                   0000000000000000
        X[11]:                   0000000000000000
        X[12]:                   0000000000000000
        X[13]:                   0000000000000000
        X[14]:                   0000000000000000
        X[15]:                   0000000000000000
        X[16]:                   0000000000000000
        X[17]:                   0000000000000000
        X[18]:                   0000000000000000
        X[19]:                   0000000000000000
        X[20]:                   0000000000000000
        X[21]:                   0000000000000000
        X[22]:                   0000000000000000
        X[23]:                   0000000000000000
        X[24]:                   0000000000000000
        X[25]:                   0000000000000000
        X[26]:                   0000000000000000
        X[27]:                   0000000000000000
        X[28]:                   0000000000000000
        FP:                      0000003f558be6a0
        LR:                      00000034a8a0ff58 (qlaunch.nss + 0x20ff58)
        SP:                      0000003f558be6a0
        PC:                      00000034a8a51658 (qlaunch.nss + 0x251658)
    Stack Trace:
        ReturnAddress[00]:       00000034a8a0f4f8 (qlaunch.nss + 0x20f4f8)
        ReturnAddress[01]:       00000034a8a0f5bc (qlaunch.nss + 0x20f5bc)
        ReturnAddress[02]:       00000034a888ab14 (qlaunch.nss + 0x8ab14)
        ReturnAddress[03]:       00000034a88903c4 (qlaunch.nss + 0x903c4)
        ReturnAddress[04]:       00000034a8890468 (qlaunch.nss + 0x90468)
        ReturnAddress[05]:       00000034a91d89d4 (qlaunch.nss + 0x9d89d4)
        ReturnAddress[06]:       00000034a91ae09c (qlaunch.nss + 0x9ae09c)
        ReturnAddress[07]:       00000034a8b497c4 (qlaunch.nss + 0x3497c4)
        ReturnAddress[08]:       00000034a8b4900c (qlaunch.nss + 0x34900c)
        ReturnAddress[09]:       00000034a89f2488 (qlaunch.nss + 0x1f2488)
        ReturnAddress[10]:       00000034a89f57b4 (qlaunch.nss + 0x1f57b4)
        ReturnAddress[11]:       0000000000000000
    Stack Dump:                               00 01 02 03 04 05 06 07 08 09 0a 0b 0c 0d 0e 0f
                                 003f558be6a0 30 e7 8b 55 3f 00 00 00 f8 f4 a0 a8 34 00 00 00
                                 003f558be6b0 03 00 00 00 34 00 00 00 20 e7 8b 55 3f 00 00 00
                                 003f558be6c0 af 98 40 a9 34 00 00 00 af 98 40 a9 34 00 00 00
                                 003f558be6d0 af 98 40 a9 34 00 00 00 00 00 00 00 34 00 00 00
                                 003f558be6e0 90 02 00 00 3f 00 00 00 00 00 00 00 00 00 00 00
                                 003f558be6f0 03 00 00 00 34 00 00 00 20 e7 8b 55 3f 00 00 00
                                 003f558be700 af 98 40 a9 34 00 00 00 af 98 40 a9 34 00 00 00
                                 003f558be710 af 98 40 a9 34 00 00 00 00 00 00 00 34 00 00 00
                                 003f558be720 af 98 40 a9 34 00 00 00 20 e8 8b 55 3f 00 00 00
                                 003f558be730 40 e8 8b 55 3f 00 00 00 bc f5 a0 a8 34 00 00 00
                                 003f558be740 00 00 00 00 00 00 00 00 58 56 8e a9 34 00 00 00
                                 003f558be750 00 00 00 00 00 00 00 00 00 00 00 00 00 00 00 00
                                 003f558be760 00 00 00 00 00 00 00 00 00 00 00 00 00 00 00 00
                                 003f558be770 00 00 00 00 00 00 00 00 01 00 00 00 00 00 00 00
                                 003f558be780 e0 e8 8b 55 3f 00 00 00 18 2d 8f a9 34 00 00 00
                                 003f558be790 00 00 00 00 00 00 00 00 00 00 00 00 00 00 00 00
    TLS Address:                 00000055f2fd4e00
    TLS Dump:                                 00 01 02 03 04 05 06 07 08 09 0a 0b 0c 0d 0e 0f
                                 0055f2fd4e00 02 00 00 00 00 00 00 00 01 00 00 00 82 00 00 00
                                 0055f2fd4e10 53 46 43 4f 00 00 00 00 00 00 00 00 66 87 32 91
                                 0055f2fd4e20 00 10 00 00 00 00 00 01 02 00 00 00 00 00 00 00
                                 0055f2fd4e30 90 02 00 00 00 00 00 00 00 00 00 00 00 00 00 00
                                 0055f2fd4e40 00 00 00 00 00 00 00 00 00 00 00 00 00 00 00 00
                                 0055f2fd4e50 00 00 00 00 00 00 00 00 00 00 00 00 00 00 00 00
                                 0055f2fd4e60 00 00 00 00 00 00 00 00 00 00 00 00 00 00 00 00
                                 0055f2fd4e70 00 00 00 00 00 00 00 00 00 00 00 00 00 00 00 00
                                 0055f2fd4e80 00 00 00 00 00 00 00 00 00 00 00 00 00 00 00 00
                                 0055f2fd4e90 00 00 00 00 00 00 00 00 00 00 00 00 00 00 00 00
                                 0055f2fd4ea0 00 00 00 00 00 00 00 00 00 00 00 00 00 00 00 00
                                 0055f2fd4eb0 00 00 00 00 00 00 00 00 00 00 00 00 00 00 00 00
                                 0055f2fd4ec0 00 00 00 00 00 00 00 00 00 00 00 00 00 00 00 00
                                 0055f2fd4ed0 00 00 00 00 00 00 00 00 00 00 00 00 00 00 00 00
                                 0055f2fd4ee0 00 00 00 00 00 00 00 00 00 00 00 00 00 00 00 00
                                 0055f2fd4ef0 00 00 00 00 00 00 00 00 00 00 00 00 00 00 00 00
Module Info:
    Number of Modules:           1
    Module 00:
        Address:                 00000034a8800000-00000034a922c000
        Name:                    qlaunch.nss
        Module Id:               B2A05B062DA03FC5E3A310E80EE16A64935A8335000000000000000000000000
Thread Report:
Number of Threads:               15
Threads[00]:
    Thread ID:                   000000000000020d
    Thread Name:                 MainThread
    Stack Region:                0000003f88e01000-0000003f88e61000
    Registers:
        X[00]:                   0000000000fe4d85
        X[01]:                   000000000004e1f3
        X[02]:                   00000000ffffffff
        X[03]:                   0000000000000000
        X[04]:                   0000000000000000
        X[05]:                   0000000000000000
        X[06]:                   0000000000000000
        X[07]:                   0000000000000000
        X[08]:                   0000000000000000
        X[09]:                   0000000000000000
        X[10]:                   0000000000000000
        X[11]:                   0000000000000000
        X[12]:                   0000000000000000
        X[13]:                   0000000000000000
        X[14]:                   0000000000000000
        X[15]:                   0000000000000000
        X[16]:                   0000000000000000
        X[17]:                   0000000000000000
        X[18]:                   0000000000000000
        X[19]:                   0000000000000000
        X[20]:                   0000000000000000
        X[21]:                   0000000000000000
        X[22]:                   0000000000000000
        X[23]:                   0000000000000000
        X[24]:                   0000000000000000
        X[25]:                   0000000000000000
        X[26]:                   0000000000000000
        X[27]:                   0000000000000000
        X[28]:                   0000000000000000
        FP:                      0000003f88e607a0
        LR:                      00000034a920e470 (qlaunch.nss + 0xa0e470)
        SP:                      0000003f88e60760
        PC:                      00000034a8a51538 (qlaunch.nss + 0x251538)
    Stack Trace:
        ReturnAddress[00]:       00000034a920e164 (qlaunch.nss + 0xa0e164)
        ReturnAddress[01]:       00000034a8b29bc8 (qlaunch.nss + 0x329bc8)
        ReturnAddress[02]:       00000034a8d42404 (qlaunch.nss + 0x542404)
        ReturnAddress[03]:       00000034a888e19c (qlaunch.nss + 0x8e19c)
        ReturnAddress[04]:       00000034a8951e94 (qlaunch.nss + 0x151e94)
        ReturnAddress[05]:       00000034a88000d4 (qlaunch.nss + 0xd4)
    Stack Dump:                               00 01 02 03 04 05 06 07 08 09 0a 0b 0c 0d 0e 0f
                                 003f88e60760 05 00 00 00 3f 00 00 00 d8 ad b2 a8 34 00 00 00
                                 003f88e60770 60 b7 ea a9 34 00 00 00 28 84 e9 a9 34 00 00 00
                                 003f88e60780 a0 07 e6 88 3f 00 00 00 d8 ad b2 a8 34 00 00 00
                                 003f88e60790 48 84 e9 a9 34 00 00 00 f8 82 e9 a9 34 00 00 00
                                 003f88e607a0 50 0d e6 88 3f 00 00 00 64 e1 20 a9 34 00 00 00
                                 003f88e607b0 00 30 93 a9 34 00 00 00 f8 82 e9 a9 34 00 00 00
                                 003f88e607c0 30 eb 82 a9 34 00 00 00 60 d3 a6 a9 34 00 00 00
                                 003f88e607d0 00 10 85 03 00 00 00 00 60 d3 a6 a9 34 00 00 00
                                 003f88e607e0 20 08 e6 88 3f 00 00 00 30 eb 82 a9 34 00 00 00
                                 003f88e607f0 e5 1b 3e a9 34 00 00 00 6d 65 6d 6f 72 79 69 6e
                                 003f88e60800 66 6f 00 88 3f 00 00 00 02 00 00 00 00 00 00 00
                                 003f88e60810 18 09 e6 88 3f 00 00 00 00 10 00 00 00 00 00 01
                                 003f88e60820 70 08 e6 88 3f 00 00 00 95 04 00 00 00 00 00 00
                                 003f88e60830 03 00 00 00 00 00 00 00 40 c3 89 a9 34 00 00 00
                                 003f88e60840 4c 08 e6 88 3f 00 00 00 1f 00 00 00 6d 65 6d 6f
                                 003f88e60850 72 79 69 6e 66 6f 00 00 04 bf 97 a8 34 00 00 00
    TLS Address:                 0000005a5a4a0200
    TLS Dump:                                 00 01 02 03 04 05 06 07 08 09 0a 0b 0c 0d 0e 0f
                                 005a5a4a0200 00 00 00 00 09 00 00 00 00 00 00 00 00 00 00 00
                                 005a5a4a0210 53 46 43 4f 00 00 00 00 00 00 00 00 36 10 1f fb
                                 005a5a4a0220 20 00 00 00 00 00 00 00 00 00 00 00 00 00 00 00
                                 005a5a4a0230 82 00 00 00 00 00 00 00 84 4e 00 00 00 00 00 00
                                 005a5a4a0240 00 10 00 00 00 00 00 01 00 00 00 00 00 00 00 00
                                 005a5a4a0250 10 00 00 00 a0 05 e6 88 3f 00 10 00 00 00 00 00
                                 005a5a4a0260 0d 00 00 00 00 00 00 00 04 00 00 00 00 00 00 00
                                 005a5a4a0270 00 00 00 00 00 00 00 00 00 00 00 00 00 00 00 00
                                 005a5a4a0280 00 00 00 00 00 00 00 00 00 00 00 00 00 00 00 00
                                 005a5a4a0290 00 00 00 00 00 00 00 00 00 00 00 00 00 00 00 00
                                 005a5a4a02a0 00 00 00 00 00 00 00 00 f0 0c 70 a9 34 00 00 00
                                 005a5a4a02b0 78 03 e6 88 3f 00 00 00 00 00 00 00 00 00 00 00
                                 005a5a4a02c0 00 00 00 00 00 00 00 00 00 00 00 00 00 00 00 00
                                 005a5a4a02d0 00 00 00 00 00 00 00 00 00 00 00 00 00 00 00 00
                                 005a5a4a02e0 00 00 00 00 00 00 00 00 00 00 00 00 00 00 00 00
                                 005a5a4a02f0 00 00 00 00 00 00 00 00 00 00 00 00 00 00 00 00
Threads[01]:
    Thread ID:                   0000000000000211
    Thread Name:                 DecompThread
    Stack Region:                0000003f9360c000-0000003f9360d000
    Registers:
        X[00]:                   00000034a9a6b0c8
        X[01]:                   00000034a9a6b0d0
        X[02]:                   00000000000481f7
        X[03]:                   ffffffffffffffff
        X[04]:                   0000000000000000
        X[05]:                   0000000000000000
        X[06]:                   0000000000000000
        X[07]:                   0000000000000000
        X[08]:                   0000000000000000
        X[09]:                   0000000000000000
        X[10]:                   0000000000000000
        X[11]:                   0000000000000000
        X[12]:                   0000000000000000
        X[13]:                   0000000000000000
        X[14]:                   0000000000000000
        X[15]:                   0000000000000000
        X[16]:                   0000000000000000
        X[17]:                   0000000000000000
        X[18]:                   0000000000000000
        X[19]:                   0000000000000000
        X[20]:                   0000000000000000
        X[21]:                   0000000000000000
        X[22]:                   0000000000000000
        X[23]:                   0000000000000000
        X[24]:                   0000000000000000
        X[25]:                   0000000000000000
        X[26]:                   0000000000000000
        X[27]:                   0000000000000000
        X[28]:                   0000000000000000
        FP:                      0000003f9360ced0
        LR:                      00000034a89f643c (qlaunch.nss + 0x1f643c)
        SP:                      0000003f9360ced0
        PC:                      00000034a8a51608 (qlaunch.nss + 0x251608)
    Stack Trace:
        ReturnAddress[00]:       00000034a89f11ec (qlaunch.nss + 0x1f11ec)
        ReturnAddress[01]:       00000034a8b496c0 (qlaunch.nss + 0x3496c0)
        ReturnAddress[02]:       00000034a8b497d0 (qlaunch.nss + 0x3497d0)
        ReturnAddress[03]:       00000034a8b4900c (qlaunch.nss + 0x34900c)
        ReturnAddress[04]:       00000034a89f2488 (qlaunch.nss + 0x1f2488)
        ReturnAddress[05]:       00000034a89f57b4 (qlaunch.nss + 0x1f57b4)
        ReturnAddress[06]:       0000000000000000
    Stack Dump:                               00 01 02 03 04 05 06 07 08 09 0a 0b 0c 0d 0e 0f
                                 003f9360ced0 00 cf 60 93 3f 00 00 00 ec 11 9f a8 34 00 00 00
                                 003f9360cee0 38 cf 60 93 3f 00 00 00 d4 11 9f a8 34 00 00 00
                                 003f9360cef0 c8 b0 a6 a9 34 00 00 00 90 b0 a6 a9 34 00 00 00
                                 003f9360cf00 40 cf 60 93 3f 00 00 00 c0 96 b4 a8 34 00 00 00
                                 003f9360cf10 00 00 00 00 00 00 00 00 cc d1 a6 a9 34 00 00 00
                                 003f9360cf20 90 b0 a6 a9 34 00 00 00 60 b0 a6 a9 34 00 00 00
                                 003f9360cf30 cc d1 a6 a9 34 00 00 00 00 00 00 00 34 00 00 00
                                 003f9360cf40 50 cf 60 93 3f 00 00 00 d0 97 b4 a8 34 00 00 00
                                 003f9360cf50 70 cf 60 93 3f 00 00 00 0c 90 b4 a8 34 00 00 00
                                 003f9360cf60 00 00 00 00 00 00 00 00 60 b0 a6 a9 34 00 00 00
                                 003f9360cf70 90 cf 60 93 3f 00 00 00 88 24 9f a8 34 00 00 00
                                 003f9360cf80 20 d0 a6 a9 34 00 00 00 c8 d1 a6 a9 34 00 00 00
                                 003f9360cf90 c0 cf 60 93 3f 00 00 00 b4 57 9f a8 34 00 00 00
                                 003f9360cfa0 00 00 00 00 00 00 00 00 00 00 00 00 00 00 00 00
                                 003f9360cfb0 00 00 00 00 00 00 00 00 20 d0 a6 a9 34 00 00 00
                                 003f9360cfc0 00 00 00 00 00 00 00 00 00 00 00 00 00 00 00 00
    TLS Address:                 0000005a5a4a0400
    TLS Dump:                                 00 01 02 03 04 05 06 07 08 09 0a 0b 0c 0d 0e 0f
                                 005a5a4a0400 00 00 00 00 00 00 00 00 00 00 00 00 00 00 00 00
                                 005a5a4a0410 00 00 00 00 00 00 00 00 00 00 00 00 00 00 00 00
                                 005a5a4a0420 00 00 00 00 00 00 00 00 00 00 00 00 00 00 00 00
                                 005a5a4a0430 00 00 00 00 00 00 00 00 00 00 00 00 00 00 00 00
                                 005a5a4a0440 00 00 00 00 00 00 00 00 00 00 00 00 00 00 00 00
                                 005a5a4a0450 00 00 00 00 00 00 00 00 00 00 00 00 00 00 00 00
                                 005a5a4a0460 00 00 00 00 00 00 00 00 00 00 00 00 00 00 00 00
                                 005a5a4a0470 00 00 00 00 00 00 00 00 00 00 00 00 00 00 00 00
                                 005a5a4a0480 00 00 00 00 00 00 00 00 00 00 00 00 00 00 00 00
                                 005a5a4a0490 00 00 00 00 00 00 00 00 00 00 00 00 00 00 00 00
                                 005a5a4a04a0 00 00 00 00 00 00 00 00 00 00 00 00 00 00 00 00
                                 005a5a4a04b0 00 00 00 00 00 00 00 00 00 00 00 00 00 00 00 00
                                 005a5a4a04c0 00 00 00 00 00 00 00 00 00 00 00 00 00 00 00 00
                                 005a5a4a04d0 00 00 00 00 00 00 00 00 00 00 00 00 00 00 00 00
                                 005a5a4a04e0 00 00 00 00 00 00 00 00 00 00 00 00 00 00 00 00
                                 005a5a4a04f0 00 00 00 00 00 00 00 00 00 00 00 00 00 00 00 00
Threads[02]:
    Thread ID:                   0000000000000215
    Thread Name:                 Prepare Thread
    Stack Region:                0000003fc90f5000-0000003fc9105000
    Registers:
        X[00]:                   00000034a9e98b98
        X[01]:                   00000034a9e98ba0
        X[02]:                   00000000000a81ec
        X[03]:                   ffffffffffffffff
        X[04]:                   0000000000000000
        X[05]:                   0000000000000000
        X[06]:                   0000000000000000
        X[07]:                   0000000000000000
        X[08]:                   0000000000000000
        X[09]:                   0000000000000000
        X[10]:                   0000000000000000
        X[11]:                   0000000000000000
        X[12]:                   0000000000000000
        X[13]:                   0000000000000000
        X[14]:                   0000000000000000
        X[15]:                   0000000000000000
        X[16]:                   0000000000000000
        X[17]:                   0000000000000000
        X[18]:                   0000000000000000
        X[19]:                   0000000000000000
        X[20]:                   0000000000000000
        X[21]:                   0000000000000000
        X[22]:                   0000000000000000
        X[23]:                   0000000000000000
        X[24]:                   0000000000000000
        X[25]:                   0000000000000000
        X[26]:                   0000000000000000
        X[27]:                   0000000000000000
        X[28]:                   0000000000000000
        FP:                      0000003fc9104ed0
        LR:                      00000034a89f643c (qlaunch.nss + 0x1f643c)
        SP:                      0000003fc9104ed0
        PC:                      00000034a8a51608 (qlaunch.nss + 0x251608)
    Stack Trace:
        ReturnAddress[00]:       00000034a89f11ec (qlaunch.nss + 0x1f11ec)
        ReturnAddress[01]:       00000034a8b496c0 (qlaunch.nss + 0x3496c0)
        ReturnAddress[02]:       00000034a8b497d0 (qlaunch.nss + 0x3497d0)
        ReturnAddress[03]:       00000034a8b4900c (qlaunch.nss + 0x34900c)
        ReturnAddress[04]:       00000034a89f2488 (qlaunch.nss + 0x1f2488)
        ReturnAddress[05]:       00000034a89f57b4 (qlaunch.nss + 0x1f57b4)
        ReturnAddress[06]:       0000000000000000
    Stack Dump:                               00 01 02 03 04 05 06 07 08 09 0a 0b 0c 0d 0e 0f
                                 003fc9104ed0 00 4f 10 c9 3f 00 00 00 ec 11 9f a8 34 00 00 00
                                 003fc9104ee0 38 4f 10 c9 3f 00 00 00 d4 11 9f a8 34 00 00 00
                                 003fc9104ef0 98 8b e9 a9 34 00 00 00 60 8b e9 a9 34 00 00 00
                                 003fc9104f00 40 4f 10 c9 3f 00 00 00 c0 96 b4 a8 34 00 00 00
                                 003fc9104f10 00 00 00 00 00 00 00 00 cc 91 ea a9 34 00 00 00
                                 003fc9104f20 60 8b e9 a9 34 00 00 00 30 8b e9 a9 34 00 00 00
                                 003fc9104f30 00 00 00 00 00 00 00 00 cc 91 ea a9 34 00 00 00
                                 003fc9104f40 50 4f 10 c9 3f 00 00 00 d0 97 b4 a8 34 00 00 00
                                 003fc9104f50 70 4f 10 c9 3f 00 00 00 0c 90 b4 a8 34 00 00 00
                                 003fc9104f60 00 00 00 00 00 00 00 00 30 8b e9 a9 34 00 00 00
                                 003fc9104f70 90 4f 10 c9 3f 00 00 00 88 24 9f a8 34 00 00 00
                                 003fc9104f80 20 90 ea a9 34 00 00 00 c8 91 ea a9 34 00 00 00
                                 003fc9104f90 c0 4f 10 c9 3f 00 00 00 b4 57 9f a8 34 00 00 00
                                 003fc9104fa0 00 00 00 00 00 00 00 00 00 00 00 00 00 00 00 00
                                 003fc9104fb0 00 00 00 00 00 00 00 00 20 90 ea a9 34 00 00 00
                                 003fc9104fc0 00 00 00 00 00 00 00 00 00 00 00 00 00 00 00 00
    TLS Address:                 0000005a5a4a0600
    TLS Dump:                                 00 01 02 03 04 05 06 07 08 09 0a 0b 0c 0d 0e 0f
                                 005a5a4a0600 00 00 00 00 0d 00 00 00 00 00 00 00 00 00 00 00
                                 005a5a4a0610 01 00 00 00 00 00 00 00 00 00 00 00 00 00 00 00
                                 005a5a4a0620 53 46 43 4f 00 00 00 00 00 00 00 00 2d 87 1c 41
                                 005a5a4a0630 2d 00 00 00 00 00 00 00 00 00 00 00 00 00 00 00
                                 005a5a4a0640 1c 00 00 00 00 00 00 00 00 00 00 00 00 00 00 00
                                 005a5a4a0650 00 00 00 00 00 00 00 00 00 00 00 00 00 00 00 00
                                 005a5a4a0660 00 00 00 00 00 00 00 00 00 00 00 00 00 00 00 00
                                 005a5a4a0670 00 00 00 00 00 00 00 00 00 00 00 00 00 00 00 00
                                 005a5a4a0680 00 00 00 00 00 00 00 00 00 00 00 00 00 00 00 00
                                 005a5a4a0690 00 00 00 00 00 00 00 00 00 00 00 00 00 00 00 00
                                 005a5a4a06a0 00 00 00 00 00 00 00 00 00 00 00 00 00 00 00 00
                                 005a5a4a06b0 00 00 00 00 00 00 00 00 00 00 00 00 00 00 00 00
                                 005a5a4a06c0 00 00 00 00 00 00 00 00 00 00 00 00 00 00 00 00
                                 005a5a4a06d0 00 00 00 00 00 00 00 00 00 00 00 00 00 00 00 00
                                 005a5a4a06e0 00 00 00 00 00 00 00 00 00 00 00 00 00 00 00 00
                                 005a5a4a06f0 00 00 00 00 00 00 00 00 00 00 00 00 00 00 00 00
Threads[03]:
    Thread ID:                   0000000000000216
    Thread Name:                 SceneWorker
    Stack Region:                0000003fc0065000-0000003fc0079000
    Registers:
        X[00]:                   00000034a9ff8c54
        X[01]:                   00000034a9ff8c58
        X[02]:                   00000000000b01eb
        X[03]:                   ffffffffffffffff
        X[04]:                   0000000000000000
        X[05]:                   0000000000000000
        X[06]:                   0000000000000000
        X[07]:                   0000000000000000
        X[08]:                   0000000000000000
        X[09]:                   0000000000000000
        X[10]:                   0000000000000000
        X[11]:                   0000000000000000
        X[12]:                   0000000000000000
        X[13]:                   0000000000000000
        X[14]:                   0000000000000000
        X[15]:                   0000000000000000
        X[16]:                   0000000000000000
        X[17]:                   0000000000000000
        X[18]:                   0000000000000000
        X[19]:                   0000000000000000
        X[20]:                   0000000000000000
        X[21]:                   0000000000000000
        X[22]:                   0000000000000000
        X[23]:                   0000000000000000
        X[24]:                   0000000000000000
        X[25]:                   0000000000000000
        X[26]:                   0000000000000000
        X[27]:                   0000000000000000
        X[28]:                   0000000000000000
        FP:                      0000003fc0078e80
        LR:                      00000034a89f643c (qlaunch.nss + 0x1f643c)
        SP:                      0000003fc0078e80
        PC:                      00000034a8a51608 (qlaunch.nss + 0x251608)
    Stack Trace:
        ReturnAddress[00]:       00000034a89f0558 (qlaunch.nss + 0x1f0558)
        ReturnAddress[01]:       00000034a922a810 (qlaunch.nss + 0xa2a810)
        ReturnAddress[02]:       00000034a8b497c4 (qlaunch.nss + 0x3497c4)
        ReturnAddress[03]:       00000034a8b4900c (qlaunch.nss + 0x34900c)
        ReturnAddress[04]:       00000034a89f2488 (qlaunch.nss + 0x1f2488)
        ReturnAddress[05]:       00000034a89f57b4 (qlaunch.nss + 0x1f57b4)
        ReturnAddress[06]:       0000000000000000
    Stack Dump:                               00 01 02 03 04 05 06 07 08 09 0a 0b 0c 0d 0e 0f
                                 003fc0078e80 b0 8e 07 c0 3f 00 00 00 58 05 9f a8 34 00 00 00
                                 003fc0078e90 58 8c ff a9 34 00 00 00 30 05 9f a8 34 00 00 00
                                 003fc0078ea0 38 8c ff a9 34 00 00 00 54 8c ff a9 34 00 00 00
                                 003fc0078eb0 f0 8e 07 c0 3f 00 00 00 10 a8 22 a9 34 00 00 00
                                 003fc0078ec0 60 8c ff a9 34 00 00 00 18 8c ff a9 34 00 00 00
                                 003fc0078ed0 01 00 00 00 00 00 00 00 08 8c ff a9 34 00 00 00
                                 003fc0078ee0 00 8f 07 c0 3f 00 00 00 00 00 00 00 34 00 00 00
                                 003fc0078ef0 50 8f 07 c0 3f 00 00 00 c4 97 b4 a8 34 00 00 00
                                 003fc0078f00 00 00 00 00 00 00 00 00 00 00 00 00 00 00 00 00
                                 003fc0078f10 00 00 00 00 00 00 00 00 00 00 00 00 00 00 00 00
                                 003fc0078f20 00 00 00 00 00 00 00 00 00 00 00 00 00 00 00 00
                                 003fc0078f30 00 00 00 00 00 00 00 00 cc e1 00 aa 34 00 00 00
                                 003fc0078f40 f0 8f ff a9 34 00 00 00 c0 8f ff a9 34 00 00 00
                                 003fc0078f50 70 8f 07 c0 3f 00 00 00 0c 90 b4 a8 34 00 00 00
                                 003fc0078f60 00 00 00 00 00 00 00 00 c0 8f ff a9 34 00 00 00
                                 003fc0078f70 90 8f 07 c0 3f 00 00 00 88 24 9f a8 34 00 00 00
    TLS Address:                 0000005a5a4a0800
    TLS Dump:                                 00 01 02 03 04 05 06 07 08 09 0a 0b 0c 0d 0e 0f
                                 005a5a4a0800 00 00 00 00 08 00 00 00 00 00 00 00 00 00 00 00
                                 005a5a4a0810 53 46 43 4f 00 00 00 00 00 00 00 00 36 10 1f fb
                                 005a5a4a0820 00 00 00 00 00 00 00 00 6b 04 00 00 00 00 00 00
                                 005a5a4a0830 82 00 00 00 00 00 00 00 00 00 ad dd ba 00 00 05
                                 005a5a4a0840 02 00 92 01 06 41 28 c0 a5 af 00 00 00 00 00 00
                                 005a5a4a0850 28 00 00 00 a8 7a 07 c0 3f 00 28 00 00 00 00 00
                                 005a5a4a0860 00 00 00 00 00 00 00 00 00 00 00 00 00 00 00 00
                                 005a5a4a0870 00 00 00 00 00 00 00 00 00 00 00 00 00 00 00 00
                                 005a5a4a0880 00 00 00 00 00 00 00 00 00 00 00 00 00 00 00 00
                                 005a5a4a0890 00 00 00 00 00 00 00 00 00 00 00 00 00 00 00 00
                                 005a5a4a08a0 00 00 00 00 00 00 00 00 00 00 00 00 00 00 00 00
                                 005a5a4a08b0 00 00 00 00 00 00 00 00 00 00 00 00 00 00 00 00
                                 005a5a4a08c0 00 00 00 00 00 00 00 00 00 00 00 00 00 00 00 00
                                 005a5a4a08d0 00 00 00 00 00 00 00 00 00 00 00 00 00 00 00 00
                                 005a5a4a08e0 00 00 00 00 00 00 00 00 00 00 00 00 00 00 00 00
                                 005a5a4a08f0 00 00 00 00 00 00 00 00 00 00 00 00 00 00 00 00
Threads[04]:
    Thread ID:                   0000000000000217
    Thread Name:                 DefaultWorker
    Stack Region:                0000003fbda85000-0000003fbda95000
    Registers:
        X[00]:                   0000000005f5e100
        X[01]:                   00000000001d4c00
        X[02]:                   0000000000000000
        X[03]:                   0000000000000000
        X[04]:                   0000000000000000
        X[05]:                   0000000000000000
        X[06]:                   0000000000000000
        X[07]:                   0000000000000000
        X[08]:                   0000000000000000
        X[09]:                   0000000000000000
        X[10]:                   0000000000000000
        X[11]:                   0000000000000000
        X[12]:                   0000000000000000
        X[13]:                   0000000000000000
        X[14]:                   0000000000000000
        X[15]:                   0000000000000000
        X[16]:                   0000000000000000
        X[17]:                   0000000000000000
        X[18]:                   0000000000000000
        X[19]:                   0000000000000000
        X[20]:                   0000000000000000
        X[21]:                   0000000000000000
        X[22]:                   0000000000000000
        X[23]:                   0000000000000000
        X[24]:                   0000000000000000
        X[25]:                   0000000000000000
        X[26]:                   0000000000000000
        X[27]:                   0000000000000000
        X[28]:                   0000000000000000
        FP:                      0000003fbda94ef0
        LR:                      00000034a922a870 (qlaunch.nss + 0xa2a870)
        SP:                      0000003fbda94ee0
        PC:                      00000034a8a51538 (qlaunch.nss + 0x251538)
    Stack Trace:
        ReturnAddress[00]:       00000034a8b497c4 (qlaunch.nss + 0x3497c4)
        ReturnAddress[01]:       00000034a8b4900c (qlaunch.nss + 0x34900c)
        ReturnAddress[02]:       00000034a89f2488 (qlaunch.nss + 0x1f2488)
        ReturnAddress[03]:       00000034a89f57b4 (qlaunch.nss + 0x1f57b4)
        ReturnAddress[04]:       0000000000000000
    Stack Dump:                               00 01 02 03 04 05 06 07 08 09 0a 0b 0c 0d 0e 0f
                                 003fbda94ee0 00 4f a9 bd 3f 00 00 00 00 00 00 00 34 00 00 00
                                 003fbda94ef0 50 4f a9 bd 3f 00 00 00 c4 97 b4 a8 34 00 00 00
                                 003fbda94f00 00 00 00 00 00 00 00 00 00 00 00 00 00 00 00 00
                                 003fbda94f10 00 00 00 00 00 00 00 00 00 00 00 00 00 00 00 00
                                 003fbda94f20 00 00 00 00 00 00 00 00 00 00 00 00 00 00 00 00
                                 003fbda94f30 00 00 00 00 00 00 00 00 cc 01 02 aa 34 00 00 00
                                 003fbda94f40 08 f6 00 aa 34 00 00 00 d8 f5 00 aa 34 00 00 00
                                 003fbda94f50 70 4f a9 bd 3f 00 00 00 0c 90 b4 a8 34 00 00 00
                                 003fbda94f60 00 00 00 00 00 00 00 00 d8 f5 00 aa 34 00 00 00
                                 003fbda94f70 90 4f a9 bd 3f 00 00 00 88 24 9f a8 34 00 00 00
                                 003fbda94f80 20 00 02 aa 34 00 00 00 c8 01 02 aa 34 00 00 00
                                 003fbda94f90 c0 4f a9 bd 3f 00 00 00 b4 57 9f a8 34 00 00 00
                                 003fbda94fa0 00 00 00 00 00 00 00 00 00 00 00 00 00 00 00 00
                                 003fbda94fb0 00 00 00 00 00 00 00 00 20 00 02 aa 34 00 00 00
                                 003fbda94fc0 00 00 00 00 00 00 00 00 00 00 00 00 00 00 00 00
                                 003fbda94fd0 00 00 00 00 00 00 00 00 00 00 00 00 00 00 00 00
    TLS Address:                 0000005a5a4a0a00
    TLS Dump:                                 00 01 02 03 04 05 06 07 08 09 0a 0b 0c 0d 0e 0f
                                 005a5a4a0a00 00 00 00 00 09 00 00 00 00 00 00 00 00 00 00 00
                                 005a5a4a0a10 53 46 43 4f 00 00 00 00 00 00 00 00 13 ed 82 0e
                                 005a5a4a0a20 00 00 00 00 00 00 00 00 00 00 00 00 3c b3 18 0b
                                 005a5a4a0a30 01 02 04 00 00 00 00 00 00 00 00 00 00 00 00 00
                                 005a5a4a0a40 02 00 92 01 06 41 28 c0 00 00 00 00 00 00 00 00
                                 005a5a4a0a50 28 00 00 00 e8 47 a9 bd 3f 00 28 00 00 00 00 00
                                 005a5a4a0a60 6e 78 5f 6e 6f 74 69 63 65 00 00 00 00 00 00 00
                                 005a5a4a0a70 00 00 00 00 00 00 00 00 00 00 00 00 00 00 00 00
                                 005a5a4a0a80 01 00 00 00 00 00 00 00 00 00 00 00 00 00 00 00
                                 005a5a4a0a90 00 00 00 00 00 00 00 00 01 00 00 00 56 01 00 00
                                 005a5a4a0aa0 00 00 00 00 00 00 00 00 00 00 00 00 00 00 00 00
                                 005a5a4a0ab0 00 00 00 00 00 00 00 00 00 00 00 00 00 00 00 00
                                 005a5a4a0ac0 00 00 00 00 00 00 00 00 00 00 00 00 00 00 00 00
                                 005a5a4a0ad0 00 00 00 00 00 00 00 00 00 00 00 00 00 00 00 00
                                 005a5a4a0ae0 00 00 00 00 00 00 00 00 00 00 00 00 00 00 00 00
                                 005a5a4a0af0 00 00 00 00 00 00 00 00 00 00 00 00 00 00 00 00
Threads[05]:
    Thread ID:                   0000000000000218
    Thread Name:                 NetWorker
    Stack Region:                0000003f8c44f000-0000003f8c45f000
    Registers:
        X[00]:                   0000000005f5e100
        X[01]:                   00000000001d4c00
        X[02]:                   0000000000000000
        X[03]:                   0000000000000000
        X[04]:                   0000000000000000
        X[05]:                   0000000000000000
        X[06]:                   0000000000000000
        X[07]:                   0000000000000000
        X[08]:                   0000000000000000
        X[09]:                   0000000000000000
        X[10]:                   0000000000000000
        X[11]:                   0000000000000000
        X[12]:                   0000000000000000
        X[13]:                   0000000000000000
        X[14]:                   0000000000000000
        X[15]:                   0000000000000000
        X[16]:                   0000000000000000
        X[17]:                   0000000000000000
        X[18]:                   0000000000000000
        X[19]:                   0000000000000000
        X[20]:                   0000000000000000
        X[21]:                   0000000000000000
        X[22]:                   0000000000000000
        X[23]:                   0000000000000000
        X[24]:                   0000000000000000
        X[25]:                   0000000000000000
        X[26]:                   0000000000000000
        X[27]:                   0000000000000000
        X[28]:                   0000000000000000
        FP:                      0000003f8c45eef0
        LR:                      00000034a922a870 (qlaunch.nss + 0xa2a870)
        SP:                      0000003f8c45eee0
        PC:                      00000034a8a51538 (qlaunch.nss + 0x251538)
    Stack Trace:
        ReturnAddress[00]:       00000034a8b497c4 (qlaunch.nss + 0x3497c4)
        ReturnAddress[01]:       00000034a8b4900c (qlaunch.nss + 0x34900c)
        ReturnAddress[02]:       00000034a89f2488 (qlaunch.nss + 0x1f2488)
        ReturnAddress[03]:       00000034a89f57b4 (qlaunch.nss + 0x1f57b4)
        ReturnAddress[04]:       0000000000000000
    Stack Dump:                               00 01 02 03 04 05 06 07 08 09 0a 0b 0c 0d 0e 0f
                                 003f8c45eee0 00 ef 45 8c 3f 00 00 00 00 00 00 00 34 00 00 00
                                 003f8c45eef0 50 ef 45 8c 3f 00 00 00 c4 97 b4 a8 34 00 00 00
                                 003f8c45ef00 00 00 00 00 00 00 00 00 00 00 00 00 00 00 00 00
                                 003f8c45ef10 00 00 00 00 00 00 00 00 00 00 00 00 00 00 00 00
                                 003f8c45ef20 00 00 00 00 00 00 00 00 00 00 00 00 00 00 00 00
                                 003f8c45ef30 00 00 00 00 00 00 00 00 cc 11 03 aa 34 00 00 00
                                 003f8c45ef40 e8 05 02 aa 34 00 00 00 b8 05 02 aa 34 00 00 00
                                 003f8c45ef50 70 ef 45 8c 3f 00 00 00 0c 90 b4 a8 34 00 00 00
                                 003f8c45ef60 00 00 00 00 00 00 00 00 b8 05 02 aa 34 00 00 00
                                 003f8c45ef70 90 ef 45 8c 3f 00 00 00 88 24 9f a8 34 00 00 00
                                 003f8c45ef80 20 10 03 aa 34 00 00 00 c8 11 03 aa 34 00 00 00
                                 003f8c45ef90 c0 ef 45 8c 3f 00 00 00 b4 57 9f a8 34 00 00 00
                                 003f8c45efa0 00 00 00 00 00 00 00 00 00 00 00 00 00 00 00 00
                                 003f8c45efb0 00 00 00 00 00 00 00 00 20 10 03 aa 34 00 00 00
                                 003f8c45efc0 00 00 00 00 00 00 00 00 00 00 00 00 00 00 00 00
                                 003f8c45efd0 00 00 00 00 00 00 00 00 00 00 00 00 00 00 00 00
    TLS Address:                 0000005a5a4a0c00
    TLS Dump:                                 00 01 02 03 04 05 06 07 08 09 0a 0b 0c 0d 0e 0f
                                 005a5a4a0c00 00 00 00 00 0d 00 00 00 00 00 00 00 00 00 00 00
                                 005a5a4a0c10 00 00 00 00 00 00 00 00 00 00 00 00 00 00 00 00
                                 005a5a4a0c20 53 46 43 4f 00 00 00 00 00 00 00 00 7a c5 9f e8
                                 005a5a4a0c30 00 00 00 00 00 00 00 00 00 00 00 00 48 44 38 5c
                                 005a5a4a0c40 ed 40 5c 00 00 00 00 10 a1 95 dd f8 48 44 38 5c
                                 005a5a4a0c50 03 00 00 00 00 00 00 00 00 00 00 00 00 00 00 00
                                 005a5a4a0c60 00 00 00 00 00 00 00 00 00 00 00 00 00 00 00 00
                                 005a5a4a0c70 00 00 00 00 00 00 00 00 00 00 00 00 00 00 00 00
                                 005a5a4a0c80 00 00 00 00 00 00 00 00 00 00 00 00 00 00 00 00
                                 005a5a4a0c90 00 00 00 00 00 00 00 00 00 00 00 00 00 00 00 00
                                 005a5a4a0ca0 00 00 00 00 00 00 00 00 00 00 00 00 00 00 00 00
                                 005a5a4a0cb0 00 00 00 00 00 00 00 00 00 00 00 00 00 00 00 00
                                 005a5a4a0cc0 00 00 00 00 00 00 00 00 00 00 00 00 00 00 00 00
                                 005a5a4a0cd0 00 00 00 00 00 00 00 00 00 00 00 00 00 00 00 00
                                 005a5a4a0ce0 00 00 00 00 00 00 00 00 00 00 00 00 00 00 00 00
                                 005a5a4a0cf0 00 00 00 00 00 00 00 00 00 00 00 00 00 00 00 00
Threads[06]:
    Thread ID:                   0000000000000219
    Thread Name:                 LocalNews
    Stack Region:                0000003f6fe56000-0000003f6fe60000
    Registers:
        X[00]:                   00000034aa03124c
        X[01]:                   00000034aa031250
        X[02]:                   00000000000c81e8
        X[03]:                   ffffffffffffffff
        X[04]:                   0000000000000000
        X[05]:                   0000000000000000
        X[06]:                   0000000000000000
        X[07]:                   0000000000000000
        X[08]:                   0000000000000000
        X[09]:                   0000000000000000
        X[10]:                   0000000000000000
        X[11]:                   0000000000000000
        X[12]:                   0000000000000000
        X[13]:                   0000000000000000
        X[14]:                   0000000000000000
        X[15]:                   0000000000000000
        X[16]:                   0000000000000000
        X[17]:                   0000000000000000
        X[18]:                   0000000000000000
        X[19]:                   0000000000000000
        X[20]:                   0000000000000000
        X[21]:                   0000000000000000
        X[22]:                   0000000000000000
        X[23]:                   0000000000000000
        X[24]:                   0000000000000000
        X[25]:                   0000000000000000
        X[26]:                   0000000000000000
        X[27]:                   0000000000000000
        X[28]:                   0000000000000000
        FP:                      0000003f6fe5fe80
        LR:                      00000034a89f643c (qlaunch.nss + 0x1f643c)
        SP:                      0000003f6fe5fe80
        PC:                      00000034a8a51608 (qlaunch.nss + 0x251608)
    Stack Trace:
        ReturnAddress[00]:       00000034a89f0558 (qlaunch.nss + 0x1f0558)
        ReturnAddress[01]:       00000034a922a810 (qlaunch.nss + 0xa2a810)
        ReturnAddress[02]:       00000034a8b497c4 (qlaunch.nss + 0x3497c4)
        ReturnAddress[03]:       00000034a8b4900c (qlaunch.nss + 0x34900c)
        ReturnAddress[04]:       00000034a89f2488 (qlaunch.nss + 0x1f2488)
        ReturnAddress[05]:       00000034a89f57b4 (qlaunch.nss + 0x1f57b4)
        ReturnAddress[06]:       0000000000000000
    Stack Dump:                               00 01 02 03 04 05 06 07 08 09 0a 0b 0c 0d 0e 0f
                                 003f6fe5fe80 b0 fe e5 6f 3f 00 00 00 58 05 9f a8 34 00 00 00
                                 003f6fe5fe90 50 12 03 aa 34 00 00 00 30 05 9f a8 34 00 00 00
                                 003f6fe5fea0 30 12 03 aa 34 00 00 00 4c 12 03 aa 34 00 00 00
                                 003f6fe5feb0 f0 fe e5 6f 3f 00 00 00 10 a8 22 a9 34 00 00 00
                                 003f6fe5fec0 58 12 03 aa 34 00 00 00 10 12 03 aa 34 00 00 00
                                 003f6fe5fed0 01 00 00 00 00 00 00 00 00 12 03 aa 34 00 00 00
                                 003f6fe5fee0 00 ff e5 6f 3f 00 00 00 00 00 00 00 34 00 00 00
                                 003f6fe5fef0 50 ff e5 6f 3f 00 00 00 c4 97 b4 a8 34 00 00 00
                                 003f6fe5ff00 00 00 00 00 00 00 00 00 00 00 00 00 00 00 00 00
                                 003f6fe5ff10 00 00 00 00 00 00 00 00 00 00 00 00 00 00 00 00
                                 003f6fe5ff20 00 00 00 00 00 00 00 00 00 00 00 00 00 00 00 00
                                 003f6fe5ff30 00 00 00 00 00 00 00 00 cc c1 03 aa 34 00 00 00
                                 003f6fe5ff40 e8 15 03 aa 34 00 00 00 b8 15 03 aa 34 00 00 00
                                 003f6fe5ff50 70 ff e5 6f 3f 00 00 00 0c 90 b4 a8 34 00 00 00
                                 003f6fe5ff60 00 00 00 00 00 00 00 00 b8 15 03 aa 34 00 00 00
                                 003f6fe5ff70 90 ff e5 6f 3f 00 00 00 88 24 9f a8 34 00 00 00
    TLS Address:                 0000005a5a4a0e00
    TLS Dump:                                 00 01 02 03 04 05 06 07 08 09 0a 0b 0c 0d 0e 0f
                                 005a5a4a0e00 00 00 00 00 00 00 00 00 00 00 00 00 00 00 00 00
                                 005a5a4a0e10 00 00 00 00 00 00 00 00 00 00 00 00 00 00 00 00
                                 005a5a4a0e20 00 00 00 00 00 00 00 00 00 00 00 00 00 00 00 00
                                 005a5a4a0e30 00 00 00 00 00 00 00 00 00 00 00 00 00 00 00 00
                                 005a5a4a0e40 00 00 00 00 00 00 00 00 00 00 00 00 00 00 00 00
                                 005a5a4a0e50 00 00 00 00 00 00 00 00 00 00 00 00 00 00 00 00
                                 005a5a4a0e60 00 00 00 00 00 00 00 00 00 00 00 00 00 00 00 00
                                 005a5a4a0e70 00 00 00 00 00 00 00 00 00 00 00 00 00 00 00 00
                                 005a5a4a0e80 00 00 00 00 00 00 00 00 00 00 00 00 00 00 00 00
                                 005a5a4a0e90 00 00 00 00 00 00 00 00 00 00 00 00 00 00 00 00
                                 005a5a4a0ea0 00 00 00 00 00 00 00 00 00 00 00 00 00 00 00 00
                                 005a5a4a0eb0 00 00 00 00 00 00 00 00 00 00 00 00 00 00 00 00
                                 005a5a4a0ec0 00 00 00 00 00 00 00 00 00 00 00 00 00 00 00 00
                                 005a5a4a0ed0 00 00 00 00 00 00 00 00 00 00 00 00 00 00 00 00
                                 005a5a4a0ee0 00 00 00 00 00 00 00 00 00 00 00 00 00 00 00 00
                                 005a5a4a0ef0 00 00 00 00 00 00 00 00 00 00 00 00 00 00 00 00
Threads[07]:
    Thread ID:                   000000000000021a
    Thread Name:                 AppControl
    Stack Region:                0000003fb40c0000-0000003fb40d8000
    Registers:
        X[00]:                   00000034aa03c24c
        X[01]:                   00000034aa03c250
        X[02]:                   00000000000d01e7
        X[03]:                   ffffffffffffffff
        X[04]:                   0000000000000000
        X[05]:                   0000000000000000
        X[06]:                   0000000000000000
        X[07]:                   0000000000000000
        X[08]:                   0000000000000000
        X[09]:                   0000000000000000
        X[10]:                   0000000000000000
        X[11]:                   0000000000000000
        X[12]:                   0000000000000000
        X[13]:                   0000000000000000
        X[14]:                   0000000000000000
        X[15]:                   0000000000000000
        X[16]:                   0000000000000000
        X[17]:                   0000000000000000
        X[18]:                   0000000000000000
        X[19]:                   0000000000000000
        X[20]:                   0000000000000000
        X[21]:                   0000000000000000
        X[22]:                   0000000000000000
        X[23]:                   0000000000000000
        X[24]:                   0000000000000000
        X[25]:                   0000000000000000
        X[26]:                   0000000000000000
        X[27]:                   0000000000000000
        X[28]:                   0000000000000000
        FP:                      0000003fb40d7e80
        LR:                      00000034a89f643c (qlaunch.nss + 0x1f643c)
        SP:                      0000003fb40d7e80
        PC:                      00000034a8a51608 (qlaunch.nss + 0x251608)
    Stack Trace:
        ReturnAddress[00]:       00000034a89f0558 (qlaunch.nss + 0x1f0558)
        ReturnAddress[01]:       00000034a922a810 (qlaunch.nss + 0xa2a810)
        ReturnAddress[02]:       00000034a8b497c4 (qlaunch.nss + 0x3497c4)
        ReturnAddress[03]:       00000034a8b4900c (qlaunch.nss + 0x34900c)
        ReturnAddress[04]:       00000034a89f2488 (qlaunch.nss + 0x1f2488)
        ReturnAddress[05]:       00000034a89f57b4 (qlaunch.nss + 0x1f57b4)
        ReturnAddress[06]:       0000000000000000
    Stack Dump:                               00 01 02 03 04 05 06 07 08 09 0a 0b 0c 0d 0e 0f
                                 003fb40d7e80 b0 7e 0d b4 3f 00 00 00 58 05 9f a8 34 00 00 00
                                 003fb40d7e90 50 c2 03 aa 34 00 00 00 30 05 9f a8 34 00 00 00
                                 003fb40d7ea0 30 c2 03 aa 34 00 00 00 4c c2 03 aa 34 00 00 00
                                 003fb40d7eb0 f0 7e 0d b4 3f 00 00 00 10 a8 22 a9 34 00 00 00
                                 003fb40d7ec0 58 c2 03 aa 34 00 00 00 10 c2 03 aa 34 00 00 00
                                 003fb40d7ed0 01 00 00 00 00 00 00 00 00 c2 03 aa 34 00 00 00
                                 003fb40d7ee0 00 7f 0d b4 3f 00 00 00 00 00 00 00 34 00 00 00
                                 003fb40d7ef0 50 7f 0d b4 3f 00 00 00 c4 97 b4 a8 34 00 00 00
                                 003fb40d7f00 00 00 00 00 00 00 00 00 00 00 00 00 00 00 00 00
                                 003fb40d7f10 00 00 00 00 00 00 00 00 00 00 00 00 00 00 00 00
                                 003fb40d7f20 00 00 00 00 00 00 00 00 00 00 00 00 00 00 00 00
                                 003fb40d7f30 00 00 00 00 00 00 00 00 cc 51 05 aa 34 00 00 00
                                 003fb40d7f40 08 c4 03 aa 34 00 00 00 d8 c3 03 aa 34 00 00 00
                                 003fb40d7f50 70 7f 0d b4 3f 00 00 00 0c 90 b4 a8 34 00 00 00
                                 003fb40d7f60 00 00 00 00 00 00 00 00 d8 c3 03 aa 34 00 00 00
                                 003fb40d7f70 90 7f 0d b4 3f 00 00 00 88 24 9f a8 34 00 00 00
    TLS Address:                 00000055f2fd4000
    TLS Dump:                                 00 01 02 03 04 05 06 07 08 09 0a 0b 0c 0d 0e 0f
                                 0055f2fd4000 02 00 00 00 00 00 00 00 00 00 00 00 00 00 00 00
                                 0055f2fd4010 53 46 43 4f 00 00 00 00 00 00 00 00 39 2c 9d 05
                                 0055f2fd4020 05 00 00 00 00 00 00 00 00 00 00 00 00 00 00 00
                                 0055f2fd4030 00 00 00 00 00 00 00 00 00 00 ad dd ba 00 00 05
                                 0055f2fd4040 00 00 00 00 00 00 00 00 00 00 00 00 00 00 00 00
                                 0055f2fd4050 00 20 32 09 c0 f4 00 01 11 ce 80 e4 92 0c 00 10
                                 0055f2fd4060 a1 94 dd f8 48 44 38 5c 00 00 00 00 00 00 00 00
                                 0055f2fd4070 01 00 00 00 00 00 00 00 00 00 00 00 00 00 00 00
                                 0055f2fd4080 00 00 00 00 00 00 00 00 00 00 00 00 00 00 00 00
                                 0055f2fd4090 00 00 00 00 00 00 00 00 00 00 00 00 00 00 00 00
                                 0055f2fd40a0 00 00 00 00 00 00 00 00 00 00 00 00 00 00 00 00
                                 0055f2fd40b0 00 00 00 00 00 00 00 00 00 00 00 00 00 00 00 00
                                 0055f2fd40c0 00 00 00 00 00 00 00 00 00 00 00 00 00 00 00 00
                                 0055f2fd40d0 00 00 00 00 00 00 00 00 00 00 00 00 00 00 00 00
                                 0055f2fd40e0 00 00 00 00 00 00 00 00 00 00 00 00 00 00 00 00
                                 0055f2fd40f0 00 00 00 00 00 00 00 00 00 00 00 00 00 00 00 00
Threads[08]:
    Thread ID:                   000000000000021c
    Thread Name:                 UpdateTextureCache
    Stack Region:                0000003fb02c2000-0000003fb02d2000
    Registers:
        X[00]:                   00000034aa058058
        X[01]:                   00000034aa058060
        X[02]:                   00000000001181e2
        X[03]:                   ffffffffffffffff
        X[04]:                   0000003fb02d1d60
        X[05]:                   0000000000000001
        X[06]:                   0000003fb02d1e98
        X[07]:                   00000034aa0ba648
        X[08]:                   0000000000000000
        X[09]:                   0000000000000000
        X[10]:                   0000000000000000
        X[11]:                   0000000000000000
        X[12]:                   0000000000000000
        X[13]:                   0000000000000000
        X[14]:                   0000000000000000
        X[15]:                   0000000000000000
        X[16]:                   0000000000000000
        X[17]:                   0000000000000000
        X[18]:                   0000000000000000
        X[19]:                   0000000000000000
        X[20]:                   0000000000000000
        X[21]:                   0000000000000000
        X[22]:                   0000000000000000
        X[23]:                   0000000000000000
        X[24]:                   0000000000000000
        X[25]:                   0000000000000000
        X[26]:                   0000000000000000
        X[27]:                   0000000000000000
        X[28]:                   0000000000000000
        FP:                      0000003fb02d1ed0
        LR:                      00000034a89f643c (qlaunch.nss + 0x1f643c)
        SP:                      0000003fb02d1ed0
        PC:                      00000034a8a51608 (qlaunch.nss + 0x251608)
    Stack Trace:
        ReturnAddress[00]:       00000034a89f11ec (qlaunch.nss + 0x1f11ec)
        ReturnAddress[01]:       00000034a8b496c0 (qlaunch.nss + 0x3496c0)
        ReturnAddress[02]:       00000034a8b497d0 (qlaunch.nss + 0x3497d0)
        ReturnAddress[03]:       00000034a8b4900c (qlaunch.nss + 0x34900c)
        ReturnAddress[04]:       00000034a89f2488 (qlaunch.nss + 0x1f2488)
        ReturnAddress[05]:       00000034a89f57b4 (qlaunch.nss + 0x1f57b4)
        ReturnAddress[06]:       0000000000000000
    Stack Dump:                               00 01 02 03 04 05 06 07 08 09 0a 0b 0c 0d 0e 0f
                                 003fb02d1ed0 00 1f 2d b0 3f 00 00 00 ec 11 9f a8 34 00 00 00
                                 003fb02d1ee0 38 1f 2d b0 3f 00 00 00 d4 11 9f a8 34 00 00 00
                                 003fb02d1ef0 58 80 05 aa 34 00 00 00 20 80 05 aa 34 00 00 00
                                 003fb02d1f00 40 1f 2d b0 3f 00 00 00 c0 96 b4 a8 34 00 00 00
                                 003fb02d1f10 00 00 00 00 00 00 00 00 cc 91 06 aa 34 00 00 00
                                 003fb02d1f20 20 80 05 aa 34 00 00 00 f0 7f 05 aa 34 00 00 00
                                 003fb02d1f30 50 1f 2d b0 3f 00 00 00 c4 97 b4 a8 34 00 00 00
                                 003fb02d1f40 50 1f 2d b0 3f 00 00 00 d0 97 b4 a8 34 00 00 00
                                 003fb02d1f50 70 1f 2d b0 3f 00 00 00 0c 90 b4 a8 34 00 00 00
                                 003fb02d1f60 00 00 00 00 00 00 00 00 f0 7f 05 aa 34 00 00 00
                                 003fb02d1f70 90 1f 2d b0 3f 00 00 00 88 24 9f a8 34 00 00 00
                                 003fb02d1f80 20 90 06 aa 34 00 00 00 c8 91 06 aa 34 00 00 00
                                 003fb02d1f90 c0 1f 2d b0 3f 00 00 00 b4 57 9f a8 34 00 00 00
                                 003fb02d1fa0 00 00 00 00 00 00 00 00 00 00 00 00 00 00 00 00
                                 003fb02d1fb0 00 00 00 00 00 00 00 00 20 90 06 aa 34 00 00 00
                                 003fb02d1fc0 00 00 00 00 00 00 00 00 00 00 00 00 00 00 00 00
    TLS Address:                 00000055f2fd4200
    TLS Dump:                                 00 01 02 03 04 05 06 07 08 09 0a 0b 0c 0d 0e 0f
                                 0055f2fd4200 00 00 00 00 00 00 00 00 00 00 00 00 00 00 00 00
                                 0055f2fd4210 00 00 00 00 00 00 00 00 00 00 00 00 00 00 00 00
                                 0055f2fd4220 00 00 00 00 00 00 00 00 00 00 00 00 00 00 00 00
                                 0055f2fd4230 00 00 00 00 00 00 00 00 00 00 00 00 00 00 00 00
                                 0055f2fd4240 00 00 00 00 00 00 00 00 00 00 00 00 00 00 00 00
                                 0055f2fd4250 00 00 00 00 00 00 00 00 00 00 00 00 00 00 00 00
                                 0055f2fd4260 00 00 00 00 00 00 00 00 00 00 00 00 00 00 00 00
                                 0055f2fd4270 00 00 00 00 00 00 00 00 00 00 00 00 00 00 00 00
                                 0055f2fd4280 00 00 00 00 00 00 00 00 00 00 00 00 00 00 00 00
                                 0055f2fd4290 00 00 00 00 00 00 00 00 00 00 00 00 00 00 00 00
                                 0055f2fd42a0 00 00 00 00 00 00 00 00 00 00 00 00 00 00 00 00
                                 0055f2fd42b0 00 00 00 00 00 00 00 00 00 00 00 00 00 00 00 00
                                 0055f2fd42c0 00 00 00 00 00 00 00 00 00 00 00 00 00 00 00 00
                                 0055f2fd42d0 00 00 00 00 00 00 00 00 00 00 00 00 00 00 00 00
                                 0055f2fd42e0 00 00 00 00 00 00 00 00 00 00 00 00 00 00 00 00
                                 0055f2fd42f0 00 00 00 00 00 00 00 00 00 00 00 00 00 00 00 00
Threads[09]:
    Thread ID:                   000000000000021d
    Thread Name:                 InputQueueThread
    Stack Region:                0000003f771b6000-0000003f771b7000
    Registers:
        X[00]:                   0000003f771b6f28
        X[01]:                   0000003f771b6f2c
        X[02]:                   0000000000000001
        X[03]:                   ffffffffffffffff
        X[04]:                   0000000000000000
        X[05]:                   0000000000000000
        X[06]:                   0000000000000000
        X[07]:                   0000000000000000
        X[08]:                   0000000000000000
        X[09]:                   0000000000000000
        X[10]:                   0000000000000000
        X[11]:                   0000000000000000
        X[12]:                   0000000000000000
        X[13]:                   0000000000000000
        X[14]:                   0000000000000000
        X[15]:                   0000000000000000
        X[16]:                   0000000000000000
        X[17]:                   0000000000000000
        X[18]:                   0000000000000000
        X[19]:                   0000000000000000
        X[20]:                   0000000000000000
        X[21]:                   0000000000000000
        X[22]:                   0000000000000000
        X[23]:                   0000000000000000
        X[24]:                   0000000000000000
        X[25]:                   0000000000000000
        X[26]:                   0000000000000000
        X[27]:                   0000000000000000
        X[28]:                   0000000000000000
        FP:                      0000003f771b6f30
        LR:                      00000034a89f5ec0 (qlaunch.nss + 0x1f5ec0)
        SP:                      0000003f771b6f10
        PC:                      00000034a8a515dc (qlaunch.nss + 0x2515dc)
    Stack Trace:
        ReturnAddress[00]:       00000034a8b497c4 (qlaunch.nss + 0x3497c4)
        ReturnAddress[01]:       00000034a8b4900c (qlaunch.nss + 0x34900c)
        ReturnAddress[02]:       00000034a89f2488 (qlaunch.nss + 0x1f2488)
        ReturnAddress[03]:       00000034a89f57b4 (qlaunch.nss + 0x1f57b4)
        ReturnAddress[04]:       0000000000000000
    Stack Dump:                               00 01 02 03 04 05 06 07 08 09 0a 0b 0c 0d 0e 0f
                                 003f771b6f00 00 00 00 00 00 00 00 00 00 00 00 00 00 00 00 00
                                 003f771b6f10 28 6f 1b 77 3f 00 00 00 cc c1 e9 aa 34 00 00 00
                                 003f771b6f20 30 6f 1b 77 3f 00 00 00 78 6c 21 a9 f0 81 08 00
                                 003f771b6f30 50 6f 1b 77 3f 00 00 00 c4 97 b4 a8 34 00 00 00
                                 003f771b6f40 78 a8 e9 aa 34 00 00 00 48 a8 e9 aa 34 00 00 00
                                 003f771b6f50 70 6f 1b 77 3f 00 00 00 0c 90 b4 a8 34 00 00 00
                                 003f771b6f60 00 00 00 00 00 00 00 00 48 a8 e9 aa 34 00 00 00
                                 003f771b6f70 90 6f 1b 77 3f 00 00 00 88 24 9f a8 34 00 00 00
                                 003f771b6f80 20 c0 e9 aa 34 00 00 00 c8 c1 e9 aa 34 00 00 00
                                 003f771b6f90 c0 6f 1b 77 3f 00 00 00 b4 57 9f a8 34 00 00 00
                                 003f771b6fa0 00 00 00 00 00 00 00 00 00 00 00 00 00 00 00 00
                                 003f771b6fb0 00 00 00 00 00 00 00 00 20 c0 e9 aa 34 00 00 00
                                 003f771b6fc0 00 00 00 00 00 00 00 00 00 00 00 00 00 00 00 00
                                 003f771b6fd0 00 00 00 00 00 00 00 00 40 06 00 00 00 00 00 00
                                 003f771b6fe0 20 24 9f a8 34 00 00 00 c0 c0 e9 aa 34 00 00 00
                                 003f771b6ff0 07 00 00 00 00 00 00 00 90 c1 89 a9 34 00 00 00
    TLS Address:                 00000055f2fd4400
    TLS Dump:                                 00 01 02 03 04 05 06 07 08 09 0a 0b 0c 0d 0e 0f
                                 0055f2fd4400 00 00 00 00 00 00 00 00 00 00 00 00 00 00 00 00
                                 0055f2fd4410 00 00 00 00 00 00 00 00 00 00 00 00 00 00 00 00
                                 0055f2fd4420 00 00 00 00 00 00 00 00 00 00 00 00 00 00 00 00
                                 0055f2fd4430 00 00 00 00 00 00 00 00 00 00 00 00 00 00 00 00
                                 0055f2fd4440 00 00 00 00 00 00 00 00 00 00 00 00 00 00 00 00
                                 0055f2fd4450 00 00 00 00 00 00 00 00 00 00 00 00 00 00 00 00
                                 0055f2fd4460 00 00 00 00 00 00 00 00 00 00 00 00 00 00 00 00
                                 0055f2fd4470 00 00 00 00 00 00 00 00 00 00 00 00 00 00 00 00
                                 0055f2fd4480 00 00 00 00 00 00 00 00 00 00 00 00 00 00 00 00
                                 0055f2fd4490 00 00 00 00 00 00 00 00 00 00 00 00 00 00 00 00
                                 0055f2fd44a0 00 00 00 00 00 00 00 00 00 00 00 00 00 00 00 00
                                 0055f2fd44b0 00 00 00 00 00 00 00 00 00 00 00 00 00 00 00 00
                                 0055f2fd44c0 00 00 00 00 00 00 00 00 00 00 00 00 00 00 00 00
                                 0055f2fd44d0 00 00 00 00 00 00 00 00 00 00 00 00 00 00 00 00
                                 0055f2fd44e0 00 00 00 00 00 00 00 00 00 00 00 00 00 00 00 00
                                 0055f2fd44f0 00 00 00 00 00 00 00 00 00 00 00 00 00 00 00 00
Threads[10]:
    Thread ID:                   0000000000000222
    Stack Region:                0000003fc54c7000-0000003fc54cb000
    Registers:
        X[00]:                   0000003fc54cae1c
        X[01]:                   0000003fc54cae2c
        X[02]:                   0000000000000001
        X[03]:                   0000000002160e8b
        X[04]:                   0000000000000000
        X[05]:                   0000000000000000
        X[06]:                   0000000000000000
        X[07]:                   0000000000000000
        X[08]:                   0000000000000000
        X[09]:                   0000000000000000
        X[10]:                   0000000000000000
        X[11]:                   0000000000000000
        X[12]:                   0000000000000000
        X[13]:                   0000000000000000
        X[14]:                   0000000000000000
        X[15]:                   0000000000000000
        X[16]:                   0000000000000000
        X[17]:                   0000000000000000
        X[18]:                   0000000000000000
        X[19]:                   0000000000000000
        X[20]:                   0000000000000000
        X[21]:                   0000000000000000
        X[22]:                   0000000000000000
        X[23]:                   0000000000000000
        X[24]:                   0000000000000000
        X[25]:                   0000000000000000
        X[26]:                   0000000000000000
        X[27]:                   0000000000000000
        X[28]:                   0000000000000000
        FP:                      0000003fc54cae30
        LR:                      00000034a89f604c (qlaunch.nss + 0x1f604c)
        SP:                      0000003fc54cae00
        PC:                      00000034a8a515dc (qlaunch.nss + 0x2515dc)
    Stack Trace:
        ReturnAddress[00]:       00000034a9215c80 (qlaunch.nss + 0xa15c80)
        ReturnAddress[01]:       00000034a8938b4c (qlaunch.nss + 0x138b4c)
        ReturnAddress[02]:       00000034a8944c70 (qlaunch.nss + 0x144c70)
        ReturnAddress[03]:       00000034a89f2488 (qlaunch.nss + 0x1f2488)
        ReturnAddress[04]:       00000034a89f57b4 (qlaunch.nss + 0x1f57b4)
        ReturnAddress[05]:       0000000000000000
    Stack Dump:                               00 01 02 03 04 05 06 07 08 09 0a 0b 0c 0d 0e 0f
                                 003fc54cae00 1c ae 4c c5 3f 00 00 00 e0 4d a9 a8 34 00 00 00
                                 003fc54cae10 98 fb e9 aa 34 00 00 00 28 ae 4c c5 3f 00 00 00
                                 003fc54cae20 4f d6 a6 2c 05 00 00 00 00 00 00 00 da 01 20 00
                                 003fc54cae30 50 ae 4c c5 3f 00 00 00 80 5c 21 a9 34 00 00 00
                                 003fc54cae40 38 f9 e9 aa 34 00 00 00 30 f9 e9 aa 34 00 00 00
                                 003fc54cae50 10 af 4c c5 3f 00 00 00 4c 8b 93 a8 34 00 00 00
                                 003fc54cae60 40 fb 8b a9 34 00 00 00 b8 fd 8b a9 34 00 00 00
                                 003fc54cae70 08 fe 8b a9 34 00 00 00 68 fe 8b a9 34 00 00 00
                                 003fc54cae80 00 e1 f5 05 00 00 00 00 48 f9 8b a9 34 00 00 00
                                 003fc54cae90 00 00 00 00 00 00 00 00 08 fe 8b a9 34 00 00 00
                                 003fc54caea0 20 fe 8b a9 34 00 00 00 18 fe 8b a9 34 00 00 00
                                 003fc54caeb0 f0 fd 8b a9 34 00 00 00 e8 fd 8b a9 34 00 00 00
                                 003fc54caec0 30 fe 8b a9 34 00 00 00 28 fe 8b a9 34 00 00 00
                                 003fc54caed0 e0 fd 8b a9 34 00 00 00 d8 fd 8b a9 34 00 00 00
                                 003fc54caee0 d0 fd 8b a9 34 00 00 00 c8 fd 8b a9 34 00 00 00
                                 003fc54caef0 10 fe 8b a9 34 00 00 00 48 fe 8b a9 34 00 00 00
    TLS Address:                 00000055f2fd4600
    TLS Dump:                                 00 01 02 03 04 05 06 07 08 09 0a 0b 0c 0d 0e 0f
                                 0055f2fd4600 00 00 01 00 09 00 00 00 c0 f0 08 00 28 ae 4c c5
                                 0055f2fd4610 53 46 43 4f 00 00 00 00 00 00 00 00 a5 25 62 61
                                 0055f2fd4620 00 00 00 00 00 00 00 00 00 00 00 00 00 00 00 00
                                 0055f2fd4630 00 00 00 00 08 00 00 00 28 ae 4c c5 3f 00 08 00
                                 0055f2fd4640 00 00 00 00 00 00 00 00 00 00 00 00 00 00 00 00
                                 0055f2fd4650 00 00 00 00 00 00 00 00 00 00 00 00 00 00 00 00
                                 0055f2fd4660 00 00 00 00 00 00 00 00 00 00 00 00 00 00 00 00
                                 0055f2fd4670 00 00 00 00 00 00 00 00 00 00 00 00 00 00 00 00
                                 0055f2fd4680 00 00 00 00 00 00 00 00 00 00 00 00 00 00 00 00
                                 0055f2fd4690 00 00 00 00 00 00 00 00 00 00 00 00 00 00 00 00
                                 0055f2fd46a0 00 00 00 00 00 00 00 00 00 00 00 00 00 00 00 00
                                 0055f2fd46b0 00 00 00 00 00 00 00 00 00 00 00 00 00 00 00 00
                                 0055f2fd46c0 00 00 00 00 00 00 00 00 00 00 00 00 00 00 00 00
                                 0055f2fd46d0 00 00 00 00 00 00 00 00 00 00 00 00 00 00 00 00
                                 0055f2fd46e0 00 00 00 00 00 00 00 00 00 00 00 00 00 00 00 00
                                 0055f2fd46f0 00 00 00 00 00 00 00 00 00 00 00 00 00 00 00 00
Threads[11]:
    Thread ID:                   0000000000000223
    Thread Name:                 SAAeMessageDispatcher
    Stack Region:                0000003fa0222000-0000003fa022a000
    Registers:
