Atmosphère Crash Report (v1.7):
Result:                          0x367 (2359-0001)

Process Info:
    Process Name:                hbloader
    Program ID:                  010000000000100d
    Process ID:                  000000000000008f
    Process Flags:               000000b7
    User Exception Address:      00000050d11ae000
Exception Info:
    Type:                        User Break
    Address:                     00000001dbbcc86c (ftpd + 0x7586c)
    Break Reason:                0x0
    Break Address:               0000000989aaad6c
    Break Size:                  0x4
Crashed Thread Info:
    Thread ID:                   0000000000000345
    Stack Region:                00000009899ab000-0000000989aab000
    Registers:
        X[00]:                   0000000000000000
        X[01]:                   0000000989aaad6c
        X[02]:                   0000000000000004
        X[03]:                   0000000000000001
        X[04]:                   0000000000000072
        X[05]:                   0000000000000007
        X[06]:                   0000003dcc26a200
        X[07]:                   0000003dc62f1e90
        X[08]:                   0000000000000000
        X[09]:                   0000000000000000
        X[10]:                   0000000000000000
        X[11]:                   0000000000000000
        X[12]:                   0000000000000000
        X[13]:                   0000000000000000
        X[14]:                   0000000000000000
        X[15]:                   0000000000000000
        X[16]:                   0000000000000000
        X[17]:                   0000000000000000
        X[18]:                   0000000000000000
        X[19]:                   0000000000000000
        X[20]:                   0000000000000000
        X[21]:                   0000000000000000
        X[22]:                   0000000000000000
        X[23]:                   0000000000000000
        X[24]:                   0000000000000000
        X[25]:                   0000000000000000
        X[26]:                   0000000000000000
        X[27]:                   0000000000000000
        X[28]:                   0000000000000000
        FP:                      0000000989aaad50
        LR:                      00000001dbbc79cc (ftpd + 0x709cc)
        SP:                      0000000989aaad50
        PC:                      00000001dbbcc868 (ftpd + 0x75868)
    Stack Trace:
        ReturnAddress[00]:       00000001dbbb5368 (ftpd + 0x5e368)
        ReturnAddress[01]:       00000001dbbb7e14 (ftpd + 0x60e14)
        ReturnAddress[02]:       00000001dbb58668 (ftpd + 0x1668)
        ReturnAddress[03]:       00000001dbb57720 (ftpd + 0x720)
        ReturnAddress[04]:       000002d000000500
    Stack Dump:                               00 01 02 03 04 05 06 07 08 09 0a 0b 0c 0d 0e 0f
                                 000989aaad50 70 ad aa 89 09 00 00 00 68 53 bb db 01 00 00 00
                                 000989aaad60 28 6f 26 cc 3d 00 00 00 c0 1e 2f c6 67 03 00 00
                                 000989aaad70 80 ad aa 89 09 00 00 00 14 7e bb db 01 00 00 00
                                 000989aaad80 d0 ad aa 89 09 00 00 00 68 86 b5 db 01 00 00 00
                                 000989aaad90 a0 58 c3 db 01 00 00 00 20 d8 36 ca 3d 00 00 00
                                 000989aaada0 06 00 00 00 00 00 00 00 00 00 00 00 00 00 00 00
                                 000989aaadb0 50 1e 2f c6 3d 00 00 00 c0 1e 2f c6 3d 00 00 00
                                 000989aaadc0 cd cc cc 3e 00 00 80 3f 00 00 80 3f 00 00 80 3f
                                 000989aaadd0 b0 af aa 89 09 00 00 00 20 77 b5 db 01 00 00 00
                                 000989aaade0 68 01 21 97 65 00 00 00 20 35 21 97 65 00 00 00
                                 000989aaadf0 00 70 b5 db 01 00 00 00 00 80 0e 00 00 00 00 00
                                 000989aaae00 20 46 21 97 65 00 00 00 00 80 11 0f 00 00 00 00
                                 000989aaae10 68 01 21 97 65 00 00 00 ff ff ff ff ff ff ff ff
                                 000989aaae20 dc 0c 20 97 65 00 00 00 18 71 b5 db 01 00 00 00
                                 000989aaae30 00 00 00 00 00 00 00 00 00 00 00 00 00 00 00 00
                                 000989aaae40 00 00 00 00 00 00 00 00 00 00 00 00 00 00 00 00
    TLS Address:                 00000050d11ae200
    TLS Dump:                                 00 01 02 03 04 05 06 07 08 09 0a 0b 0c 0d 0e 0f
                                 0050d11ae200 00 00 00 00 0d 00 00 00 00 00 00 00 00 00 00 00
                                 0050d11ae210 00 00 00 00 00 00 00 00 00 00 00 00 00 00 00 00
                                 0050d11ae220 53 46 43 4f 00 00 00 00 00 00 00 00 3c b3 18 0b
                                 0050d11ae230 01 02 04 00 00 00 00 00 00 00 00 00 00 00 00 00
                                 0050d11ae240 00 00 00 00 07 00 00 00 00 00 00 00 00 00 00 00
                                 0050d11ae250 80 00 79 01 00 00 aa 89 00 00 00 00 00 00 00 00
                                 0050d11ae260 00 00 00 00 18 00 00 00 b8 ac aa 89 09 00 18 00
                                 0050d11ae270 30 00 00 00 00 00 00 00 8f 00 00 00 00 00 00 00
                                 0050d11ae280 00 00 00 00 00 00 00 00 00 00 00 00 00 00 00 00
                                 0050d11ae290 00 00 00 00 00 00 00 00 00 00 00 00 00 00 00 00
                                 0050d11ae2a0 00 00 00 00 00 00 00 00 00 00 00 00 00 00 00 00
                                 0050d11ae2b0 00 00 00 00 00 00 00 00 00 00 00 00 00 00 00 00
                                 0050d11ae2c0 00 00 00 00 00 00 00 00 00 00 00 00 00 00 00 00
                                 0050d11ae2d0 00 00 00 00 00 00 00 00 00 00 00 00 00 00 00 00
                                 0050d11ae2e0 00 00 00 00 00 00 00 00 00 00 00 00 00 00 00 00
                                 0050d11ae2f0 00 00 00 00 00 00 00 00 00 00 00 00 00 00 00 00
Module Info:
    Number of Modules:           1
    Module 00:
        Address:                 00000001dbb57000-00000001dbc04000
        Name:                    ftpd
        Module Id:               073A69F266371F01EE61B5D668B2BAB4BC06E2A0000000000000000000000000
Thread Report:
Number of Threads:               02
Threads[00]:
    Thread ID:                   0000000000000345
    Stack Region:                00000009899ab000-0000000989aab000
    Registers:
        X[00]:                   0000000000000000
        X[01]:                   0000000989aaad6c
        X[02]:                   0000000000000004
        X[03]:                   0000000000000001
        X[04]:                   0000000000000072
        X[05]:                   0000000000000007
        X[06]:                   0000003dcc26a200
        X[07]:                   0000003dc62f1e90
        X[08]:                   0000000000000000
        X[09]:                   0000000000000000
        X[10]:                   0000000000000000
        X[11]:                   0000000000000000
        X[12]:                   0000000000000000
        X[13]:                   0000000000000000
        X[14]:                   0000000000000000
        X[15]:                   0000000000000000
        X[16]:                   0000000000000000
        X[17]:                   0000000000000000
        X[18]:                   0000000000000000
        X[19]:                   0000000000000000
        X[20]:                   0000000000000000
        X[21]:                   0000000000000000
        X[22]:                   0000000000000000
        X[23]:                   0000000000000000
        X[24]:                   0000000000000000
        X[25]:                   0000000000000000
        X[26]:                   0000000000000000
        X[27]:                   0000000000000000
        X[28]:                   0000000000000000
        FP:                      0000000989aaad50
        LR:                      00000001dbbc79cc (ftpd + 0x709cc)
        SP:                      0000000989aaad50
        PC:                      00000001dbbcc868 (ftpd + 0x75868)
    Stack Trace:
        ReturnAddress[00]:       00000001dbbb5368 (ftpd + 0x5e368)
        ReturnAddress[01]:       00000001dbbb7e14 (ftpd + 0x60e14)
        ReturnAddress[02]:       00000001dbb58668 (ftpd + 0x1668)
        ReturnAddress[03]:       00000001dbb57720 (ftpd + 0x720)
        ReturnAddress[04]:       000002d000000500
    Stack Dump:                               00 01 02 03 04 05 06 07 08 09 0a 0b 0c 0d 0e 0f
                                 000989aaad50 70 ad aa 89 09 00 00 00 68 53 bb db 01 00 00 00
                                 000989aaad60 28 6f 26 cc 3d 00 00 00 c0 1e 2f c6 67 03 00 00
                                 000989aaad70 80 ad aa 89 09 00 00 00 14 7e bb db 01 00 00 00
                                 000989aaad80 d0 ad aa 89 09 00 00 00 68 86 b5 db 01 00 00 00
                                 000989aaad90 a0 58 c3 db 01 00 00 00 20 d8 36 ca 3d 00 00 00
                                 000989aaada0 06 00 00 00 00 00 00 00 00 00 00 00 00 00 00 00
                                 000989aaadb0 50 1e 2f c6 3d 00 00 00 c0 1e 2f c6 3d 00 00 00
                                 000989aaadc0 cd cc cc 3e 00 00 80 3f 00 00 80 3f 00 00 80 3f
                                 000989aaadd0 b0 af aa 89 09 00 00 00 20 77 b5 db 01 00 00 00
                                 000989aaade0 68 01 21 97 65 00 00 00 20 35 21 97 65 00 00 00
                                 000989aaadf0 00 70 b5 db 01 00 00 00 00 80 0e 00 00 00 00 00
                                 000989aaae00 20 46 21 97 65 00 00 00 00 80 11 0f 00 00 00 00
                                 000989aaae10 68 01 21 97 65 00 00 00 ff ff ff ff ff ff ff ff
                                 000989aaae20 dc 0c 20 97 65 00 00 00 18 71 b5 db 01 00 00 00
                                 000989aaae30 00 00 00 00 00 00 00 00 00 00 00 00 00 00 00 00
                                 000989aaae40 00 00 00 00 00 00 00 00 00 00 00 00 00 00 00 00
    TLS Address:                 00000050d11ae200
    TLS Dump:                                 00 01 02 03 04 05 06 07 08 09 0a 0b 0c 0d 0e 0f
                                 0050d11ae200 00 00 00 00 0d 00 00 00 00 00 00 00 00 00 00 00
                                 0050d11ae210 00 00 00 00 00 00 00 00 00 00 00 00 00 00 00 00
                                 0050d11ae220 53 46 43 4f 00 00 00 00 00 00 00 00 3c b3 18 0b
                                 0050d11ae230 01 02 04 00 00 00 00 00 00 00 00 00 00 00 00 00
                                 0050d11ae240 00 00 00 00 07 00 00 00 00 00 00 00 00 00 00 00
                                 0050d11ae250 80 00 79 01 00 00 aa 89 00 00 00 00 00 00 00 00
                                 0050d11ae260 00 00 00 00 18 00 00 00 b8 ac aa 89 09 00 18 00
                                 0050d11ae270 30 00 00 00 00 00 00 00 8f 00 00 00 00 00 00 00
                                 0050d11ae280 00 00 00 00 00 00 00 00 00 00 00 00 00 00 00 00
                                 0050d11ae290 00 00 00 00 00 00 00 00 00 00 00 00 00 00 00 00
                                 0050d11ae2a0 00 00 00 00 00 00 00 00 00 00 00 00 00 00 00 00
                                 0050d11ae2b0 00 00 00 00 00 00 00 00 00 00 00 00 00 00 00 00
                                 0050d11ae2c0 00 00 00 00 00 00 00 00 00 00 00 00 00 00 00 00
                                 0050d11ae2d0 00 00 00 00 00 00 00 00 00 00 00 00 00 00 00 00
                                 0050d11ae2e0 00 00 00 00 00 00 00 00 00 00 00 00 00 00 00 00
                                 0050d11ae2f0 00 00 00 00 00 00 00 00 00 00 00 00 00 00 00 00
Threads[01]:
    Thread ID:                   0000000000000349
    Stack Region:                00000009a59b6000-00000009a59d7000
    Registers:
        X[00]:                   00000000002981ee
        X[01]:                   0000000049434653
        X[02]:                   0000000000000000
        X[03]:                   00000050d11ae420
        X[04]:                   0000000003019000
        X[05]:                   0000000003010000
        X[06]:                   0000000000000000
        X[07]:                   00000000002981ee
        X[08]:                   0000000000000000
        X[09]:                   0000000000000000
        X[10]:                   0000000000000000
        X[11]:                   0000000000000000
        X[12]:                   0000000000000000
        X[13]:                   0000000000000000
        X[14]:                   0000000000000000
        X[15]:                   0000000000000000
        X[16]:                   0000000000000000
        X[17]:                   0000000000000000
        X[18]:                   0000000000000000
        X[19]:                   0000000000000000
        X[20]:                   0000000000000000
        X[21]:                   0000000000000000
        X[22]:                   0000000000000000
        X[23]:                   0000000000000000
        X[24]:                   0000000000000000
        X[25]:                   0000000000000000
        X[26]:                   0000000000000000
        X[27]:                   0000000000000000
        X[28]:                   0000000000000000
        FP:                      00000009a59d5a50
        LR:                      00000001dbbd1520 (ftpd + 0x7a520)
        SP:                      00000009a59d5a50
        PC:                      00000001dbbcc860 (ftpd + 0x75860)
    Stack Trace:
        ReturnAddress[00]:       00000001dbbcaba4 (ftpd + 0x73ba4)
        ReturnAddress[01]:       00000001dbb679dc (ftpd + 0x109dc)
        ReturnAddress[02]:       00000001dbb61530 (ftpd + 0xa530)
        ReturnAddress[03]:       00000001dbb628ac (ftpd + 0xb8ac)
        ReturnAddress[04]:       00000001dbbd8bbc (ftpd + 0x81bbc)
        ReturnAddress[05]:       00000001dbbd5b98 (ftpd + 0x7eb98)
        ReturnAddress[06]:       00000001dbbd6d6c (ftpd + 0x7fd6c)
        ReturnAddress[07]:       0000000000000000
    Stack Dump:                               00 01 02 03 04 05 06 07 08 09 0a 0b 0c 0d 0e 0f
                                 0009a59d5a50 90 5a 9d a5 09 00 00 00 a4 ab bc db 01 00 00 00
                                 0009a59d5a60 60 67 9d a5 09 00 00 00 00 60 9d a5 09 00 00 00
                                 0009a59d5a70 70 73 26 cc 3d 00 00 00 c0 74 26 cc 3d 00 00 00
                                 0009a59d5a80 d0 73 26 cc 3d 00 00 00 a0 57 c3 db 01 00 00 00
                                 0009a59d5a90 c0 5a 9d a5 09 00 00 00 dc 79 b6 db 01 00 00 00
                                 0009a59d5aa0 70 73 26 cc 3d 00 00 00 c4 a4 26 cc 3d 00 00 00
                                 0009a59d5ab0 58 a4 c3 db 01 00 00 00 c4 a4 26 cc 3d 00 00 00
                                 0009a59d5ac0 30 5b 9d a5 09 00 00 00 30 15 b6 db 01 00 00 00
                                 0009a59d5ad0 c4 a4 26 cc 3d 00 00 00 c0 a4 26 cc 3d 00 00 00
                                 0009a59d5ae0 70 73 26 cc 3d 00 00 00 60 b3 bf ce 3d 00 00 00
                                 0009a59d5af0 c0 b5 bf ce 3d 00 00 00 19 00 00 00 00 00 00 00
                                 0009a59d5b00 1e 00 00 00 00 00 00 00 cc 13 b6 db 01 00 00 00
                                 0009a59d5b10 40 b5 bf ce 3d 00 00 00 19 00 00 00 00 00 00 00
                                 0009a59d5b20 1e 00 00 00 00 00 00 00 e9 eb 05 00 00 00 00 00
                                 0009a59d5b30 30 5f 9d a5 09 00 00 00 ac 28 b6 db 01 00 00 00
                                 0009a59d5b40 c0 5a 22 cc 3d 00 00 00 18 5b 22 cc 3d 00 00 00
    TLS Address:                 00000050d11ae400
    TLS Dump:                                 00 01 02 03 04 05 06 07 08 09 0a 0b 0c 0d 0e 0f
                                 0050d11ae400 00 00 00 00 0c 00 00 00 00 00 00 00 00 00 00 00
                                 0050d11ae410 00 00 00 00 00 00 00 00 00 00 00 00 00 00 00 00
                                 0050d11ae420 53 46 43 4f 00 00 00 00 00 00 00 00 e7 59 ea d4
                                 0050d11ae430 00 00 00 00 00 00 00 00 00 00 00 00 00 10 00 00
                                 0050d11ae440 c0 a4 26 cc 3d 00 00 10 01 00 00 00 00 00 00 00
                                 0050d11ae450 18 00 00 00 70 5a 9d a5 09 00 18 00 00 00 00 00
                                 0050d11ae460 00 00 00 00 00 00 00 00 00 00 00 00 00 00 00 00
                                 0050d11ae470 00 00 00 00 00 00 00 00 00 00 00 00 00 00 00 00
                                 0050d11ae480 00 00 00 00 00 00 00 00 00 00 00 00 00 00 00 00
                                 0050d11ae490 00 00 00 00 00 00 00 00 00 00 00 00 00 00 00 00
                                 0050d11ae4a0 00 00 00 00 00 00 00 00 00 00 00 00 00 00 00 00
                                 0050d11ae4b0 00 00 00 00 00 00 00 00 00 00 00 00 00 00 00 00
                                 0050d11ae4c0 00 00 00 00 00 00 00 00 00 00 00 00 00 00 00 00
                                 0050d11ae4d0 00 00 00 00 00 00 00 00 00 00 00 00 00 00 00 00
                                 0050d11ae4e0 00 00 00 00 00 00 00 00 00 00 00 00 00 00 00 00
                                 0050d11ae4f0 00 00 00 00 00 00 00 00 00 00 00 00 00 00 00 00
