Atmosphère Fatal Report (v1.1):
Result:                          0x290 (2144-0001)

Program ID:                      0100000000001000
Process Name:                    qlaunch
Firmware:                        14.1.2 (Atmosphère 1.4.0-master-36a33617a)
General Purpose Registers:
         FP:                     0000003f558be510
         LR:                     00000034a8aba944
         SP:                     0000003f558be510
         PC:                     00000034a8a51630
Start Address:                   00000034a8800000
Stack Trace:
        ReturnAddress[00]:       00000034a8b17c2c
        ReturnAddress[01]:       00000034a8b179f8
        ReturnAddress[02]:       00000034a8b175d4
        ReturnAddress[03]:       00000034a8b17728
        ReturnAddress[04]:       00000034a8a1002c
        ReturnAddress[05]:       00000034a8a0f4f0
        ReturnAddress[06]:       00000034a8a0f5bc
        ReturnAddress[07]:       00000034a888ab14
        ReturnAddress[08]:       00000034a88903c4
        ReturnAddress[09]:       00000034a8890468
        ReturnAddress[10]:       00000034a91d89d4
        ReturnAddress[11]:       00000034a91ae09c
        ReturnAddress[12]:       00000034a8b497c4
        ReturnAddress[13]:       00000034a8b4900c
        ReturnAddress[14]:       00000034a89f2488
        ReturnAddress[15]:       00000034a89f57b4
        ReturnAddress[16]:       0000000000000000
Stack Dump:                               00 01 02 03 04 05 06 07 08 09 0a 0b 0c 0d 0e 0f
                             003f558be510 b0 e5 8b 55 3f 00 00 00 2c 7c b1 a8 34 00 00 00
                             003f558be520 01 01 00 00 00 00 10 00 0c 00 00 80 01 00 00 00
                             003f558be530 03 00 00 00 00 00 00 00 00 00 00 00 00 00 00 00
                             003f558be540 05 00 00 00 00 00 00 00 00 00 00 00 08 00 00 00
                             003f558be550 00 00 00 00 14 00 00 00 60 ad ac a8 01 00 00 00
                             003f558be560 68 e5 8b 55 3f 00 00 00 00 00 00 00 00 00 00 00
                             003f558be570 00 70 e7 6d 07 00 00 00 00 00 00 00 00 00 00 00
                             003f558be580 00 00 00 00 00 00 00 00 15 00 00 00 00 00 00 00
                             003f558be590 20 8b 91 a9 34 00 00 00 50 02 00 00 00 00 00 00
                             003f558be5a0 20 e5 8b 55 3f 00 00 00 00 4e fd f2 55 00 00 00
                             003f558be5b0 00 e6 8b 55 3f 00 00 00 f8 79 b1 a8 34 00 00 00
                             003f558be5c0 bc f5 a0 a8 34 00 00 00 20 e8 8b 55 3f 00 00 00
                             003f558be5d0 af 98 40 a9 34 00 00 00 00 00 00 00 00 00 00 00
                             003f558be5e0 40 f6 81 a9 34 00 00 00 68 e6 8b 55 3f 00 00 00
                             003f558be5f0 00 00 00 00 00 00 00 00 30 f5 81 a9 34 00 00 00
                             003f558be600 30 e6 8b 55 3f 00 00 00 d4 75 b1 a8 34 00 00 00
TLS Address:                 00000055f2fd4e00
TLS Dump:                                 00 01 02 03 04 05 06 07 08 09 0a 0b 0c 0d 0e 0f
                             0055f2fd4e00 06 00 10 00 0c 00 00 80 01 00 00 00 9a 01 73 01
                             0055f2fd4e10 00 00 00 00 50 02 00 00 20 8b 91 a9 0c 00 00 40
                             0055f2fd4e20 53 46 43 49 01 00 00 00 02 00 00 00 00 00 00 00
                             0055f2fd4e30 90 02 00 00 00 00 00 00 00 00 00 00 00 00 00 00
                             0055f2fd4e40 00 00 00 00 00 00 00 00 00 00 00 00 00 00 00 00
                             0055f2fd4e50 00 00 00 00 00 00 00 00 00 00 00 00 00 00 00 00
                             0055f2fd4e60 00 00 00 00 00 00 00 00 00 00 00 00 00 00 00 00
                             0055f2fd4e70 00 00 00 00 00 00 00 00 00 00 00 00 00 00 00 00
                             0055f2fd4e80 00 00 00 00 00 00 00 00 00 00 00 00 00 00 00 00
                             0055f2fd4e90 00 00 00 00 00 00 00 00 00 00 00 00 00 00 00 00
                             0055f2fd4ea0 00 00 00 00 00 00 00 00 00 00 00 00 00 00 00 00
                             0055f2fd4eb0 00 00 00 00 00 00 00 00 00 00 00 00 00 00 00 00
                             0055f2fd4ec0 00 00 00 00 00 00 00 00 00 00 00 00 00 00 00 00
                             0055f2fd4ed0 00 00 00 00 00 00 00 00 00 00 00 00 00 00 00 00
                             0055f2fd4ee0 00 00 00 00 00 00 00 00 00 00 00 00 00 00 00 00
                             0055f2fd4ef0 00 00 00 00 00 00 00 00 00 00 00 00 00 00 00 00
